Arguments: 
  /home/rubenberna/.nvm/versions/node/v16.1.0/bin/node /home/rubenberna/.nvm/versions/node/v16.1.0/bin/yarn add vfs-data-tool-template@0.0.0

PATH: 
  /home/rubenberna/.nvm/versions/node/v16.1.0/bin:/home/rubenberna/code/vfs/Data Portal/vfs-data-portal-1.0/node_modules/.bin:/usr/local/sbin:/usr/local/bin:/usr/sbin:/usr/bin:/sbin:/bin:/usr/games:/usr/local/games:/snap/bin

Yarn version: 
  1.22.10

Node version: 
  16.1.0

Platform: 
  linux x64

Trace: 
  Error: https://registry.yarnpkg.com/vfs-data-tool-template: Not found
      at Request.params.callback [as _callback] (/home/rubenberna/.nvm/versions/node/v16.1.0/lib/node_modules/yarn/lib/cli.js:66988:18)
      at Request.self.callback (/home/rubenberna/.nvm/versions/node/v16.1.0/lib/node_modules/yarn/lib/cli.js:140662:22)
      at Request.emit (node:events:365:28)
      at Request.<anonymous> (/home/rubenberna/.nvm/versions/node/v16.1.0/lib/node_modules/yarn/lib/cli.js:141634:10)
      at Request.emit (node:events:365:28)
      at IncomingMessage.<anonymous> (/home/rubenberna/.nvm/versions/node/v16.1.0/lib/node_modules/yarn/lib/cli.js:141556:12)
      at Object.onceWrapper (node:events:471:28)
      at IncomingMessage.emit (node:events:377:35)
      at endReadableNT (node:internal/streams/readable:1312:12)
      at processTicksAndRejections (node:internal/process/task_queues:83:21)

npm manifest: 
  {
    "name": "rub",
    "version": "0.1.0",
    "private": true,
    "dependencies": {
      "@testing-library/jest-dom": "^5.11.4",
      "@testing-library/react": "^11.1.0",
      "@testing-library/user-event": "^12.1.10",
      "react": "^17.0.2",
      "react-dom": "^17.0.2",
      "react-scripts": "4.0.3",
      "web-vitals": "^1.0.1"
    },
    "scripts": {
      "start": "react-scripts start",
      "build": "react-scripts build",
      "test": "react-scripts test",
      "eject": "react-scripts eject"
    },
    "eslintConfig": {
      "extends": [
        "react-app",
        "react-app/jest"
      ]
    },
    "browserslist": {
      "production": [
        ">0.2%",
        "not dead",
        "not op_mini all"
      ],
      "development": [
        "last 1 chrome version",
        "last 1 firefox version",
        "last 1 safari version"
      ]
    }
  }

yarn manifest: 
  No manifest

Lockfile: 
  No lockfile
